<?xml version="1.0" encoding="UTF-8"?>
<testsuite xmlns:xsi="http://www.w3.org/2001/XMLSchema-instance" xsi:noNamespaceSchemaLocation="https://maven.apache.org/surefire/maven-surefire-plugin/xsd/surefire-test-report.xsd" version="3.0.2" name="com.exemplo.pedidoservice.PedidoserviceApplicationTests" time="1.896" tests="1" errors="0" skipped="0" failures="0">
  <properties>
[...]
</properties>
  <testcase name="contextLoads" classname="com.exemplo.pedidoservice.PedidoserviceApplicationTests" time="0.399">
    <system-out><![CDATA[19:52:49.678 [main] INFO org.springframework.test.context.support.AnnotationConfigContextLoaderUtils -- Could not detect default configuration classes for test class [com.exemplo.pedidoservice.PedidoserviceApplicationTests]: PedidoserviceApplicationTests does not declare any static, non-private, non-final, nested classes annotated with @Configuration.
19:52:49.733 [main] INFO org.springframework.boot.test.context.SpringBootTestContextBootstrapper -- Found @SpringBootConfiguration com.exemplo.pedidoservice.PedidoserviceApplication for test class com.exemplo.pedidoservice.PedidoserviceApplicationTests
19:52:49.804 [main] INFO org.springframework.boot.devtools.restart.RestartApplicationListener -- Restart disabled due to context in which it is running

  .   ____          _            __ _ _
 /\\ / ___'_ __ _ _(_)_ __  __ _ \ \ \ \
( ( )\___ | '_ | '_| | '_ \/ _` | \ \ \ \
 \\/  ___)| |_)| | | | | || (_| |  ) ) ) )
  '  |____| .__|_| |_|_| |_\__, | / / / /
 =========|_|==============|___/=/_/_/_/

 :: Spring Boot ::                (v3.5.0)

2025-05-28T19:52:49.954-03:00  INFO 2676 --- [           main] c.e.p.PedidoserviceApplicationTests      : Starting PedidoserviceApplicationTests using Java 21.0.6 with PID 2676 (started by joey-dev in /home/joey-dev/dev/repository/pedidoservice)
2025-05-28T19:52:49.960-03:00  INFO 2676 --- [           main] c.e.p.PedidoserviceApplicationTests      : No active profile set, falling back to 1 default profile: "default"
2025-05-28T19:52:50.281-03:00  INFO 2676 --- [           main] .s.d.r.c.RepositoryConfigurationDelegate : Bootstrapping Spring Data MongoDB repositories in DEFAULT mode.
2025-05-28T19:52:50.305-03:00  INFO 2676 --- [           main] .s.d.r.c.RepositoryConfigurationDelegate : Finished Spring Data repository scanning in 20 ms. Found 1 MongoDB repository interface.
2025-05-28T19:52:50.575-03:00  INFO 2676 --- [73o.mongodb.net] org.mongodb.driver.cluster               : Adding discovered server ac-irwqz8h-shard-00-01.sjo673o.mongodb.net:27017 to client view of cluster
2025-05-28T19:52:50.579-03:00  INFO 2676 --- [           main] org.mongodb.driver.client                : MongoClient with metadata {"application": {"name": "servicopedido"}, "driver": {"name": "mongo-java-driver|sync|spring-boot", "version": "5.4.0"}, "os": {"type": "Linux", "name": "Linux", "architecture": "amd64", "version": "6.14.6-300.fc42.x86_64"}, "platform": "Java/JetBrains s.r.o./21.0.6+9-b895.109"} created with settings MongoClientSettings{readPreference=primary, writeConcern=WriteConcern{w=majority, wTimeout=null ms, journal=null}, retryWrites=true, retryReads=true, readConcern=ReadConcern{level=null}, credential=MongoCredential{mechanism=null, userName='joeyalandev', source='admin', password=<hidden>, mechanismProperties=<hidden>}, transportSettings=null, commandListeners=[], codecRegistry=ProvidersCodecRegistry{codecProviders=[ValueCodecProvider{}, BsonValueCodecProvider{}, DBRefCodecProvider{}, DBObjectCodecProvider{}, DocumentCodecProvider{}, CollectionCodecProvider{}, IterableCodecProvider{}, MapCodecProvider{}, GeoJsonCodecProvider{}, GridFSFileCodecProvider{}, Jsr310CodecProvider{}, JsonObjectCodecProvider{}, BsonCodecProvider{}, EnumCodecProvider{}, com.mongodb.client.model.mql.ExpressionCodecProvider@1f736d00, com.mongodb.Jep395RecordCodecProvider@523a7801, com.mongodb.KotlinCodecProvider@718fd7c1]}, loggerSettings=LoggerSettings{maxDocumentLength=1000}, clusterSettings={hosts=[127.0.0.1:27017], srvHost=servicopedido.sjo673o.mongodb.net, srvServiceName=mongodb, mode=MULTIPLE, requiredClusterType=REPLICA_SET, requiredReplicaSetName='atlas-twbnmp-shard-0', serverSelector='null', clusterListeners='[]', serverSelectionTimeout='30000 ms', localThreshold='15 ms'}, socketSettings=SocketSettings{connectTimeoutMS=10000, readTimeoutMS=0, receiveBufferSize=0, proxySettings=ProxySettings{host=null, port=null, username=null, password=null}}, heartbeatSocketSettings=SocketSettings{connectTimeoutMS=10000, readTimeoutMS=10000, receiveBufferSize=0, proxySettings=ProxySettings{host=null, port=null, username=null, password=null}}, connectionPoolSettings=ConnectionPoolSettings{maxSize=100, minSize=0, maxWaitTimeMS=120000, maxConnectionLifeTimeMS=0, maxConnectionIdleTimeMS=0, maintenanceInitialDelayMS=0, maintenanceFrequencyMS=60000, connectionPoolListeners=[], maxConnecting=2}, serverSettings=ServerSettings{heartbeatFrequencyMS=10000, minHeartbeatFrequencyMS=500, serverMonitoringMode=AUTO, serverListeners='[]', serverMonitorListeners='[]'}, sslSettings=SslSettings{enabled=true, invalidHostNameAllowed=false, context=null}, applicationName='servicopedido', compressorList=[], uuidRepresentation=JAVA_LEGACY, serverApi=null, autoEncryptionSettings=null, dnsClient=null, inetAddressResolver=null, contextProvider=null, timeoutMS=null}
2025-05-28T19:52:50.592-03:00  INFO 2676 --- [73o.mongodb.net] org.mongodb.driver.cluster               : Adding discovered server ac-irwqz8h-shard-00-00.sjo673o.mongodb.net:27017 to client view of cluster
2025-05-28T19:52:50.593-03:00  INFO 2676 --- [73o.mongodb.net] org.mongodb.driver.cluster               : Adding discovered server ac-irwqz8h-shard-00-02.sjo673o.mongodb.net:27017 to client view of cluster
2025-05-28T19:52:50.633-03:00  WARN 2676 --- [           main] o.s.data.convert.CustomConversions       : Registering converter from interface java.util.List to interface org.springframework.data.domain.Vector as reading converter although it doesn't convert from a store-supported type; You might want to check your annotation setup at the converter implementation
2025-05-28T19:52:50.674-03:00  WARN 2676 --- [           main] o.s.data.convert.CustomConversions       : Registering converter from interface java.util.List to interface org.springframework.data.domain.Vector as reading converter although it doesn't convert from a store-supported type; You might want to check your annotation setup at the converter implementation
2025-05-28T19:52:51.018-03:00  WARN 2676 --- [           main] .s.s.UserDetailsServiceAutoConfiguration : 

Using generated security password: a89f9639-8773-45c9-9021-d71478c2703f

This generated password is for development use only. Your security configuration must be updated before running your application in production.

2025-05-28T19:52:51.022-03:00  INFO 2676 --- [           main] r$InitializeUserDetailsManagerConfigurer : Global AuthenticationManager configured with UserDetailsService bean with name inMemoryUserDetailsManager
2025-05-28T19:52:51.055-03:00  INFO 2676 --- [ngodb.net:27017] org.mongodb.driver.cluster               : Monitor thread successfully connected to server with description ServerDescription{address=ac-irwqz8h-shard-00-01.sjo673o.mongodb.net:27017, type=REPLICA_SET_PRIMARY, cryptd=false, state=CONNECTED, ok=true, minWireVersion=0, maxWireVersion=25, maxDocumentSize=16777216, logicalSessionTimeoutMinutes=30, roundTripTimeNanos=285071920, minRoundTripTimeNanos=0, setName='atlas-twbnmp-shard-0', canonicalAddress=ac-irwqz8h-shard-00-01.sjo673o.mongodb.net:27017, hosts=[ac-irwqz8h-shard-00-01.sjo673o.mongodb.net:27017, ac-irwqz8h-shard-00-00.sjo673o.mongodb.net:27017, ac-irwqz8h-shard-00-02.sjo673o.mongodb.net:27017], passives=[], arbiters=[], primary='ac-irwqz8h-shard-00-01.sjo673o.mongodb.net:27017', tagSet=TagSet{[Tag{name='availabilityZone', value='sae1-az3'}, Tag{name='diskState', value='READY'}, Tag{name='nodeType', value='ELECTABLE'}, Tag{name='provider', value='AWS'}, Tag{name='region', value='SA_EAST_1'}, Tag{name='workloadType', value='OPERATIONAL'}]}, electionId=7fffffff000000000000000c, setVersion=1, topologyVersion=TopologyVersion{processId=682de4b1dcdb36bb520ad5c6, counter=6}, lastWriteDate=Wed May 28 19:52:50 BRT 2025, lastUpdateTimeNanos=27544159110484}
2025-05-28T19:52:51.059-03:00  INFO 2676 --- [ngodb.net:27017] org.mongodb.driver.cluster               : Discovered replica set primary ac-irwqz8h-shard-00-01.sjo673o.mongodb.net:27017 with max election id 7fffffff000000000000000c and max set version 1
2025-05-28T19:52:51.071-03:00  INFO 2676 --- [ngodb.net:27017] org.mongodb.driver.cluster               : Monitor thread successfully connected to server with description ServerDescription{address=ac-irwqz8h-shard-00-00.sjo673o.mongodb.net:27017, type=REPLICA_SET_SECONDARY, cryptd=false, state=CONNECTED, ok=true, minWireVersion=0, maxWireVersion=25, maxDocumentSize=16777216, logicalSessionTimeoutMinutes=30, roundTripTimeNanos=301835360, minRoundTripTimeNanos=0, setName='atlas-twbnmp-shard-0', canonicalAddress=ac-irwqz8h-shard-00-00.sjo673o.mongodb.net:27017, hosts=[ac-irwqz8h-shard-00-01.sjo673o.mongodb.net:27017, ac-irwqz8h-shard-00-00.sjo673o.mongodb.net:27017, ac-irwqz8h-shard-00-02.sjo673o.mongodb.net:27017], passives=[], arbiters=[], primary='ac-irwqz8h-shard-00-01.sjo673o.mongodb.net:27017', tagSet=TagSet{[Tag{name='availabilityZone', value='sae1-az1'}, Tag{name='diskState', value='READY'}, Tag{name='nodeType', value='ELECTABLE'}, Tag{name='provider', value='AWS'}, Tag{name='region', value='SA_EAST_1'}, Tag{name='workloadType', value='OPERATIONAL'}]}, electionId=null, setVersion=1, topologyVersion=TopologyVersion{processId=682de2436b613e68792302ad, counter=4}, lastWriteDate=Wed May 28 19:52:50 BRT 2025, lastUpdateTimeNanos=27544175873208}
2025-05-28T19:52:51.072-03:00  INFO 2676 --- [ngodb.net:27017] org.mongodb.driver.cluster               : Monitor thread successfully connected to server with description ServerDescription{address=ac-irwqz8h-shard-00-02.sjo673o.mongodb.net:27017, type=REPLICA_SET_SECONDARY, cryptd=false, state=CONNECTED, ok=true, minWireVersion=0, maxWireVersion=25, maxDocumentSize=16777216, logicalSessionTimeoutMinutes=30, roundTripTimeNanos=303087229, minRoundTripTimeNanos=0, setName='atlas-twbnmp-shard-0', canonicalAddress=ac-irwqz8h-shard-00-02.sjo673o.mongodb.net:27017, hosts=[ac-irwqz8h-shard-00-01.sjo673o.mongodb.net:27017, ac-irwqz8h-shard-00-00.sjo673o.mongodb.net:27017, ac-irwqz8h-shard-00-02.sjo673o.mongodb.net:27017], passives=[], arbiters=[], primary='ac-irwqz8h-shard-00-01.sjo673o.mongodb.net:27017', tagSet=TagSet{[Tag{name='availabilityZone', value='sae1-az2'}, Tag{name='diskState', value='READY'}, Tag{name='nodeType', value='ELECTABLE'}, Tag{name='provider', value='AWS'}, Tag{name='region', value='SA_EAST_1'}, Tag{name='workloadType', value='OPERATIONAL'}]}, electionId=null, setVersion=1, topologyVersion=TopologyVersion{processId=682de7c893a244baae6cc64d, counter=3}, lastWriteDate=Wed May 28 19:52:50 BRT 2025, lastUpdateTimeNanos=27544177123098}
2025-05-28T19:52:51.094-03:00  INFO 2676 --- [           main] c.e.p.PedidoserviceApplicationTests      : Started PedidoserviceApplicationTests in 1.295 seconds (process running for 1.748)
]]></system-out>
    <system-err><![CDATA[Mockito is currently self-attaching to enable the inline-mock-maker. This will no longer work in future releases of the JDK. Please add Mockito as an agent to your build as described in Mockito's documentation: https://javadoc.io/doc/org.mockito/mockito-core/latest/org.mockito/org/mockito/Mockito.html#0.3
WARNING: A Java agent has been loaded dynamically (/home/joey-dev/.m2/repository/net/bytebuddy/byte-buddy-agent/1.17.5/byte-buddy-agent-1.17.5.jar)
WARNING: If a serviceability tool is in use, please run with -XX:+EnableDynamicAgentLoading to hide this warning
WARNING: If a serviceability tool is not in use, please run with -Djdk.instrument.traceUsage for more information
WARNING: Dynamic loading of agents will be disallowed by default in a future release
]]></system-err>
  </testcase>
</testsuite>